<?xml version="1.0" encoding="UTF-8" ?>
<testsuites errors="2"
            failures="1"
            tests="1">

  <testsuite name="ecosia"
    errors="2" failures="1" hostname="" id="" package="ecosia" skipped="0"
    tests="1" time="8.832" timestamp="">
  
    <testcase name="Demo test ecosia.org" classname="ecosia" time="8.832" assertions="5">

    

    

    

      <failure message="Testing if element [0;33m&lt;.mainline-results&gt;[0m contains text [0;33m&#39;Nightwatch.js&#39;[0m in 5000ms - expected [0;32m&#34;contains text &#39;Nightwatch.js&#39;&#34;[0m but got: [0;31m&#34;element could not be located&#34;[0m [0;90m(5226ms)[0m">    at DescribeInstance.&lt;anonymous&gt; (C:\Users\G\Desktop\testUnitaire\nightTest\tests\ecosia.js:14:21)
    at process._tickCallback (internal/process/next_tick.js:68:7)</failure>

    <failure message="    at DescribeInstance.&lt;anonymous&gt; (C:\Users\G\Desktop\testUnitaire\nightTest\tests\ecosia.js:14:21)">    at process._tickCallback (internal/process/next_tick.js:68:7)</failure>
    </testcase>
  

  
    <system-err>
      [0;31m  TimeoutError: An error occurred while running .click() command on &lt;button[type=submit]&gt;:   (Session info: chrome=79.0.3945.79),  (Driver info: chromedriver=79.0.3945.16 (93fcc21110c10dbbd49bbff8f472335360e31d05-refs/branch-heads/3945@{#262}),platform=Windows NT 6.1.7601 SP1 x86_64) (WARNING: The server did not provide any stacktrace information),Command duration or timeout: 1.20 seconds,Build info: version: &#39;2.53.0&#39;, revision: &#39;35ae25b&#39;, time: &#39;2016-03-15 17:00:58&#39;,System info: host: &#39;185-129-70-210&#39;, ip: &#39;185.129.70.210&#39;, os.name: &#39;windows&#39;, os.arch: &#39;x86&#39;, os.version: &#39;6.1&#39;, java.version: &#39;1.8.0_181&#39;,Driver info: org.openqa.selenium.chrome.ChromeDriver,Capabilities [{mobileEmulationEnabled=false, timeouts={implicit=0, pageLoad=300000, script=30000}, hasTouchScreen=false, platform=XP, acceptSslCerts=false, goog:chromeOptions={debuggerAddress=localhost:1441}, acceptInsecureCerts=false, webStorageEnabled=true, browserName=chrome, takesScreenshot=true, javascriptEnabled=true, setWindowRect=true, unexpectedAlertBehaviour=ignore, applicationCacheEnabled=false, rotatable=false, networkConnectionEnabled=false, chrome={chromedriverVersion=79.0.3945.16 (93fcc21110c10dbbd49bbff8f472335360e31d05-refs/branch-heads/3945@{#262}), userDataDir=C:\Windows\proxy\scoped_dir5276_511267767}, takesHeapSnapshot=true, pageLoadStrategy=normal, strictFileInteractability=false, databaseEnabled=false, handlesAlerts=true, version=79.0.3945.79, browserConnectionEnabled=false, proxy={}, nativeEvents=true, locationContextEnabled=true, cssSelectorsEnabled=true}],Session ID: bd5e9cf7a723ace4920809daef4d1047; element click intercepted: Element &lt;button type=&#34;submit&#34; role=&#34;button&#34; aria-label=&#34;Submit&#34; class=&#34;button button-submit icon-button icon-button--elevation-0 icon-button--size-m icon-button--variant-bare&#34; data-v-750a8c90=&#34;&#34; data-v-e4880950=&#34;&#34;&gt;...&lt;/button&gt; is not clickable at point (810, 299). Other element would receive the click: &lt;span data-v-6aa46a86=&#34;&#34; data-v-71a9f5d8=&#34;&#34;&gt;...&lt;/span&gt;
   {&#34;status&#34;:-1,&#34;state&#34;:&#34;unhandled error&#34;,&#34;value&#34;:{&#34;systemInformation&#34;:&#34;System info: host: &#39;185-129-70-210&#39;, ip: &#39;185.129.70.210&#39;, os.name: &#39;windows&#39;, os.arch: &#39;x86&#39;, os.version: &#39;6.1&#39;, java.version: &#39;1.8.0_181&#39;&#34;,&#34;message&#34;:&#34;element click intercepted: Element &lt;button type=\&#34;submit\&#34; role=\&#34;button\&#34; aria-label=\&#34;Submit\&#34; class=\&#34;button button-submit icon-button icon-button--elevation-0 icon-button--size-m icon-button--variant-bare\&#34; data-v-750a8c90=\&#34;\&#34; data-v-e4880950=\&#34;\&#34;&gt;...&lt;/button&gt; is not clickable at point (810, 299). Other element would receive the click: &lt;span data-v-6aa46a86=\&#34;\&#34; data-v-71a9f5d8=\&#34;\&#34;&gt;...&lt;/span&gt;&#34;,&#34;error&#34;:[&#34;  (Session info: chrome=79.0.3945.79)&#34;,&#34;  (Driver info: chromedriver=79.0.3945.16 (93fcc21110c10dbbd49bbff8f472335360e31d05-refs/branch-heads/3945@{#262}),platform=Windows NT 6.1.7601 SP1 x86_64) (WARNING: The server did not provide any stacktrace information)&#34;,&#34;Command duration or timeout: 1.20 seconds&#34;,&#34;Build info: version: &#39;2.53.0&#39;, revision: &#39;35ae25b&#39;, time: &#39;2016-03-15 17:00:58&#39;&#34;,&#34;System info: host: &#39;185-129-70-210&#39;, ip: &#39;185.129.70.210&#39;, os.name: &#39;windows&#39;, os.arch: &#39;x86&#39;, os.version: &#39;6.1&#39;, java.version: &#39;1.8.0_181&#39;&#34;,&#34;Driver info: org.openqa.selenium.chrome.ChromeDriver&#34;,&#34;Capabilities [{mobileEmulationEnabled=false, timeouts={implicit=0, pageLoad=300000, script=30000}, hasTouchScreen=false, platform=XP, acceptSslCerts=false, goog:chromeOptions={debuggerAddress=localhost:1441}, acceptInsecureCerts=false, webStorageEnabled=true, browserName=chrome, takesScreenshot=true, javascriptEnabled=true, setWindowRect=true, unexpectedAlertBehaviour=ignore, applicationCacheEnabled=false, rotatable=false, networkConnectionEnabled=false, chrome={chromedriverVersion=79.0.3945.16 (93fcc21110c10dbbd49bbff8f472335360e31d05-refs/branch-heads/3945@{#262}), userDataDir=C:\\Windows\\proxy\\scoped_dir5276_511267767}, takesHeapSnapshot=true, pageLoadStrategy=normal, strictFileInteractability=false, databaseEnabled=false, handlesAlerts=true, version=79.0.3945.79, browserConnectionEnabled=false, proxy={}, nativeEvents=true, locationContextEnabled=true, cssSelectorsEnabled=true}]&#34;,&#34;Session ID: bd5e9cf7a723ace4920809daef4d1047&#34;]},&#34;errorStatus&#34;:13,&#34;error&#34;:&#34;element click intercepted: Element &lt;button type=\&#34;submit\&#34; role=\&#34;button\&#34; aria-label=\&#34;Submit\&#34; class=\&#34;button button-submit icon-button icon-button--elevation-0 icon-button--size-m icon-button--variant-bare\&#34; data-v-750a8c90=\&#34;\&#34; data-v-e4880950=\&#34;\&#34;&gt;...&lt;/button&gt; is not clickable at point (810, 299). Other element would receive the click: &lt;span data-v-6aa46a86=\&#34;\&#34; data-v-71a9f5d8=\&#34;\&#34;&gt;...&lt;/span&gt;&#34;,&#34;httpStatusCode&#34;:500}[0m
[0;90m       at process._tickCallback (internal/process/next_tick.js:68:7)[0m
[0;31m  NoSuchElementError: An error occurred while running .getText() command on &lt;.mainline-results&gt;: undefined; undefined
   {&#34;state&#34;:&#34;success&#34;,&#34;sessionId&#34;:&#34;a010283ad476ae22cfdc4dde5c0a539597239545&#34;,&#34;value&#34;:[],&#34;status&#34;:0}[0m
[0;90m       at process._tickCallback (internal/process/next_tick.js:68:7)[0m
    </system-err>
  

  
  </testsuite>
</testsuites>
